[0.008s] Invoking command in '/root/my_ros_bot/workspace/build/robot_describtion': CMAKE_PREFIX_PATH=${CMAKE_PREFIX_PATH}:/opt/ros/humble /usr/bin/cmake /root/my_ros_bot/workspace/src/robot_describtion -DCMAKE_INSTALL_PREFIX=/root/my_ros_bot/workspace/install/robot_describtion
[0.049s] -- The C compiler identification is GNU 11.4.0
[0.088s] -- The CXX compiler identification is GNU 11.4.0
[0.093s] -- Detecting C compiler ABI info
[0.142s] -- Detecting C compiler ABI info - done
[0.150s] -- Check for working C compiler: /usr/bin/cc - skipped
[0.150s] -- Detecting C compile features
[0.150s] -- Detecting C compile features - done
[0.153s] -- Detecting CXX compiler ABI info
[0.210s] -- Detecting CXX compiler ABI info - done
[0.219s] -- Check for working CXX compiler: /usr/bin/c++ - skipped
[0.219s] -- Detecting CXX compile features
[0.220s] -- Detecting CXX compile features - done
[0.224s] -- Found ament_cmake: 1.3.8 (/opt/ros/humble/share/ament_cmake/cmake)
[0.341s] -- Found Python3: /usr/bin/python3 (found version "3.10.12") found components: Interpreter 
[0.417s] -- Found rclcpp: 16.0.8 (/opt/ros/humble/share/rclcpp/cmake)
[0.462s] -- Found rosidl_generator_c: 3.1.5 (/opt/ros/humble/share/rosidl_generator_c/cmake)
[0.467s] -- Found rosidl_adapter: 3.1.5 (/opt/ros/humble/share/rosidl_adapter/cmake)
[0.474s] -- Found rosidl_generator_cpp: 3.1.5 (/opt/ros/humble/share/rosidl_generator_cpp/cmake)
[0.486s] -- Using all available rosidl_typesupport_c: rosidl_typesupport_fastrtps_c;rosidl_typesupport_introspection_c
[0.504s] -- Using all available rosidl_typesupport_cpp: rosidl_typesupport_fastrtps_cpp;rosidl_typesupport_introspection_cpp
[0.575s] -- Found rmw_implementation_cmake: 6.1.1 (/opt/ros/humble/share/rmw_implementation_cmake/cmake)
[0.578s] -- Found rmw_fastrtps_cpp: 6.2.6 (/opt/ros/humble/share/rmw_fastrtps_cpp/cmake)
[0.660s] -- Found OpenSSL: /usr/lib/x86_64-linux-gnu/libcrypto.so (found version "3.0.2")  
[0.684s] -- Found FastRTPS: /opt/ros/humble/include  
[0.734s] -- Using RMW implementation 'rmw_fastrtps_cpp' as default
[0.744s] -- Looking for pthread.h
[0.793s] -- Looking for pthread.h - found
[0.793s] -- Performing Test CMAKE_HAVE_LIBC_PTHREAD
[0.844s] -- Performing Test CMAKE_HAVE_LIBC_PTHREAD - Success
[0.845s] -- Found Threads: TRUE  
[0.986s] -- Found ament_lint_auto: 0.12.10 (/opt/ros/humble/share/ament_lint_auto/cmake)
[1.053s] -- Added test 'cppcheck' to perform static code analysis on C / C++ code
[1.053s] -- Configured cppcheck include dirs: /root/my_ros_bot/workspace/src/robot_describtion/./include
[1.054s] -- Configured cppcheck exclude dirs and/or files: 
[1.054s] -- Added test 'flake8' to check Python code syntax and style conventions
[1.054s] -- Added test 'lint_cmake' to check CMake code style
[1.055s] -- Added test 'pep257' to check Python code against some of the docstring style conventions in PEP 257
[1.056s] -- Added test 'uncrustify' to check C / C++ code style
[1.056s] -- Configured uncrustify additional arguments: 
[1.056s] -- Added test 'xmllint' to check XML markup files
[1.057s] -- Configuring done
[1.063s] -- Generating done
[1.065s] -- Build files have been written to: /root/my_ros_bot/workspace/build/robot_describtion
[1.071s] Invoked command in '/root/my_ros_bot/workspace/build/robot_describtion' returned '0': CMAKE_PREFIX_PATH=${CMAKE_PREFIX_PATH}:/opt/ros/humble /usr/bin/cmake /root/my_ros_bot/workspace/src/robot_describtion -DCMAKE_INSTALL_PREFIX=/root/my_ros_bot/workspace/install/robot_describtion
[1.072s] Invoking command in '/root/my_ros_bot/workspace/build/robot_describtion': CMAKE_PREFIX_PATH=${CMAKE_PREFIX_PATH}:/opt/ros/humble /usr/bin/cmake --build /root/my_ros_bot/workspace/build/robot_describtion -- -j8 -l8
[1.105s] [ 50%] [32mBuilding CXX object CMakeFiles/robot_describtion.dir/src/robot_describtion.cpp.o[0m
[2.793s] In file included from [01m[K/root/my_ros_bot/workspace/src/robot_describtion/src/robot_describtion.cpp:1[m[K:
[2.793s] [01m[K/root/my_ros_bot/workspace/src/robot_describtion/./include/./robot_describtion/robot_describtion.hpp:8:9:[m[K [01;31m[Kerror: [m[KISO C++ forbids declaration of â€˜[01m[KRobotController[m[Kâ€™ with no type [[01;31m[K]8;;https://gcc.gnu.org/onlinedocs/gcc/Warning-Options.html#index-fpermissive-fpermissive]8;;[m[K]
[2.794s]     8 |         [01;31m[KRobotController[m[K() : Node("robot_describtion") {
[2.794s]       |         [01;31m[K^~~~~~~~~~~~~~~[m[K
[2.794s] [01m[K/root/my_ros_bot/workspace/src/robot_describtion/./include/./robot_describtion/robot_describtion.hpp:[m[K In member function â€˜[01m[Kint RobotDescribtion::RobotController()[m[Kâ€™:
[2.794s] [01m[K/root/my_ros_bot/workspace/src/robot_describtion/./include/./robot_describtion/robot_describtion.hpp:8:29:[m[K [01;31m[Kerror: [m[Konly constructors take member initializers
[2.794s]     8 |         RobotController() : [01;31m[KNode[m[K("robot_describtion") {
[2.794s]       |                             [01;31m[K^~~~[m[K
[2.794s] [01m[K/root/my_ros_bot/workspace/src/robot_describtion/./include/./robot_describtion/robot_describtion.hpp:10:9:[m[K [01;35m[Kwarning: [m[Kno return statement in function returning non-void [[01;35m[K]8;;https://gcc.gnu.org/onlinedocs/gcc/Warning-Options.html#index-Wreturn-type-Wreturn-type]8;;[m[K]
[2.794s]    10 |         [01;35m[K}[m[K
[2.794s]       |         [01;35m[K^[m[K
[3.065s] In file included from [01m[K/usr/include/x86_64-linux-gnu/c++/11/bits/c++allocator.h:33[m[K,
[3.065s]                  from [01m[K/usr/include/c++/11/bits/allocator.h:46[m[K,
[3.065s]                  from [01m[K/usr/include/c++/11/memory:64[m[K,
[3.065s]                  from [01m[K/opt/ros/humble/include/rclcpp/rclcpp/rclcpp.hpp:153[m[K,
[3.065s]                  from [01m[K/root/my_ros_bot/workspace/src/robot_describtion/./include/./robot_describtion/robot_describtion.hpp:4[m[K,
[3.065s]                  from [01m[K/root/my_ros_bot/workspace/src/robot_describtion/src/robot_describtion.cpp:1[m[K:
[3.065s] /usr/include/c++/11/ext/new_allocator.h: In instantiation of â€˜[01m[Kvoid __gnu_cxx::new_allocator<_Tp>::construct(_Up*, _Args&& ...) [with _Up = RobotDescribtion; _Args = {}; _Tp = RobotDescribtion][m[Kâ€™:
[3.065s] [01m[K/usr/include/c++/11/bits/alloc_traits.h:516:17:[m[K   required from â€˜[01m[Kstatic void std::allocator_traits<std::allocator<_Tp1> >::construct(std::allocator_traits<std::allocator<_Tp1> >::allocator_type&, _Up*, _Args&& ...) [with _Up = RobotDescribtion; _Args = {}; _Tp = RobotDescribtion; std::allocator_traits<std::allocator<_Tp1> >::allocator_type = std::allocator<RobotDescribtion>][m[Kâ€™
[3.065s] [01m[K/usr/include/c++/11/bits/shared_ptr_base.h:519:39:[m[K   required from â€˜[01m[Kstd::_Sp_counted_ptr_inplace<_Tp, _Alloc, _Lp>::_Sp_counted_ptr_inplace(_Alloc, _Args&& ...) [with _Args = {}; _Tp = RobotDescribtion; _Alloc = std::allocator<RobotDescribtion>; __gnu_cxx::_Lock_policy _Lp = __gnu_cxx::_S_atomic][m[Kâ€™
[3.065s] [01m[K/usr/include/c++/11/bits/shared_ptr_base.h:650:16:[m[K   required from â€˜[01m[Kstd::__shared_count<_Lp>::__shared_count(_Tp*&, std::_Sp_alloc_shared_tag<_Alloc>, _Args&& ...) [with _Tp = RobotDescribtion; _Alloc = std::allocator<RobotDescribtion>; _Args = {}; __gnu_cxx::_Lock_policy _Lp = __gnu_cxx::_S_atomic][m[Kâ€™
[3.065s] [01m[K/usr/include/c++/11/bits/shared_ptr_base.h:1342:14:[m[K   required from â€˜[01m[Kstd::__shared_ptr<_Tp, _Lp>::__shared_ptr(std::_Sp_alloc_shared_tag<_Tp>, _Args&& ...) [with _Alloc = std::allocator<RobotDescribtion>; _Args = {}; _Tp = RobotDescribtion; __gnu_cxx::_Lock_policy _Lp = __gnu_cxx::_S_atomic][m[Kâ€™
[3.066s] [01m[K/usr/include/c++/11/bits/shared_ptr.h:409:59:[m[K   required from â€˜[01m[Kstd::shared_ptr<_Tp>::shared_ptr(std::_Sp_alloc_shared_tag<_Tp>, _Args&& ...) [with _Alloc = std::allocator<RobotDescribtion>; _Args = {}; _Tp = RobotDescribtion][m[Kâ€™
[3.066s] [01m[K/usr/include/c++/11/bits/shared_ptr.h:862:14:[m[K   required from â€˜[01m[Kstd::shared_ptr<_Tp> std::allocate_shared(const _Alloc&, _Args&& ...) [with _Tp = RobotDescribtion; _Alloc = std::allocator<RobotDescribtion>; _Args = {}][m[Kâ€™
[3.066s] [01m[K/usr/include/c++/11/bits/shared_ptr.h:878:39:[m[K   required from â€˜[01m[Kstd::shared_ptr<_Tp> std::make_shared(_Args&& ...) [with _Tp = RobotDescribtion; _Args = {}][m[Kâ€™
[3.066s] [01m[K/root/my_ros_bot/workspace/src/robot_describtion/src/robot_describtion.cpp:5:49:[m[K   required from here
[3.066s] [01m[K/usr/include/c++/11/ext/new_allocator.h:162:11:[m[K [01;31m[Kerror: [m[Kuse of deleted function â€˜[01m[KRobotDescribtion::RobotDescribtion()[m[Kâ€™
[3.066s]   162 |         { [01;31m[K::new((void *)__p) _Up(std::forward<_Args>(__args)...)[m[K; }
[3.066s]       |           [01;31m[K^~~~~~~~~~~~~~~~~~~~~~~~~~~~~~~~~~~~~~~~~~~~~~~~~~~~~~[m[K
[3.066s] In file included from [01m[K/root/my_ros_bot/workspace/src/robot_describtion/src/robot_describtion.cpp:1[m[K:
[3.066s] [01m[K/root/my_ros_bot/workspace/src/robot_describtion/./include/./robot_describtion/robot_describtion.hpp:6:7:[m[K [01;36m[Knote: [m[Kâ€˜[01m[KRobotDescribtion::RobotDescribtion()[m[Kâ€™ is implicitly deleted because the default definition would be ill-formed:
[3.066s]     6 | class [01;36m[KRobotDescribtion[m[K : public rclcpp::Node {
[3.066s]       |       [01;36m[K^~~~~~~~~~~~~~~~[m[K
[3.066s] [01m[K/root/my_ros_bot/workspace/src/robot_describtion/./include/./robot_describtion/robot_describtion.hpp:6:7:[m[K [01;31m[Kerror: [m[Kno matching function for call to â€˜[01m[Krclcpp::Node::Node()[m[Kâ€™
[3.066s] In file included from [01m[K/opt/ros/humble/include/rclcpp/rclcpp/executors/single_threaded_executor.hpp:28[m[K,
[3.066s]                  from [01m[K/opt/ros/humble/include/rclcpp/rclcpp/executors.hpp:22[m[K,
[3.066s]                  from [01m[K/opt/ros/humble/include/rclcpp/rclcpp/rclcpp.hpp:155[m[K,
[3.066s]                  from [01m[K/root/my_ros_bot/workspace/src/robot_describtion/./include/./robot_describtion/robot_describtion.hpp:4[m[K,
[3.066s]                  from [01m[K/root/my_ros_bot/workspace/src/robot_describtion/src/robot_describtion.cpp:1[m[K:
[3.066s] [01m[K/opt/ros/humble/include/rclcpp/rclcpp/node.hpp:1294:3:[m[K [01;36m[Knote: [m[Kcandidate: â€˜[01m[Krclcpp::Node::Node(const rclcpp::Node&, const string&)[m[Kâ€™
[3.066s]  1294 |   [01;36m[KNode[m[K(
[3.066s]       |   [01;36m[K^~~~[m[K
[3.066s] [01m[K/opt/ros/humble/include/rclcpp/rclcpp/node.hpp:1294:3:[m[K [01;36m[Knote: [m[K  candidate expects 2 arguments, 0 provided
[3.066s] [01m[K/opt/ros/humble/include/rclcpp/rclcpp/node.hpp:101:12:[m[K [01;36m[Knote: [m[Kcandidate: â€˜[01m[Krclcpp::Node::Node(const string&, const string&, const rclcpp::NodeOptions&)[m[Kâ€™
[3.066s]   101 |   explicit [01;36m[KNode[m[K(
[3.067s]       |            [01;36m[K^~~~[m[K
[3.067s] [01m[K/opt/ros/humble/include/rclcpp/rclcpp/node.hpp:101:12:[m[K [01;36m[Knote: [m[K  candidate expects 3 arguments, 0 provided
[3.067s] [01m[K/opt/ros/humble/include/rclcpp/rclcpp/node.hpp:89:12:[m[K [01;36m[Knote: [m[Kcandidate: â€˜[01m[Krclcpp::Node::Node(const string&, const rclcpp::NodeOptions&)[m[Kâ€™
[3.067s]    89 |   explicit [01;36m[KNode[m[K(
[3.067s]       |            [01;36m[K^~~~[m[K
[3.067s] [01m[K/opt/ros/humble/include/rclcpp/rclcpp/node.hpp:89:12:[m[K [01;36m[Knote: [m[K  candidate expects 2 arguments, 0 provided
[3.109s] gmake[2]: *** [CMakeFiles/robot_describtion.dir/build.make:76: CMakeFiles/robot_describtion.dir/src/robot_describtion.cpp.o] Error 1
[3.109s] gmake[1]: *** [CMakeFiles/Makefile2:137: CMakeFiles/robot_describtion.dir/all] Error 2
[3.109s] gmake: *** [Makefile:146: all] Error 2
[3.111s] Invoked command in '/root/my_ros_bot/workspace/build/robot_describtion' returned '2': CMAKE_PREFIX_PATH=${CMAKE_PREFIX_PATH}:/opt/ros/humble /usr/bin/cmake --build /root/my_ros_bot/workspace/build/robot_describtion -- -j8 -l8
